<?xml version="1.0" encoding="UTF-8"?>
<!-- Generated by org.testng.reporters.JUnitReportReporter -->
<testsuite skipped="0" hostname="DESKTOP-KHK515V" name="push01.AmazonFeaturesTest" tests="1" failures="0" timestamp="2019-09-15T15:47:58 EDT" time="19.262" errors="0">
  <testcase name="gettille" time="19.262" classname="push01.AmazonFeaturesTest"/>
</testsuite> <!-- push01.AmazonFeaturesTest -->
